Release 14.7 - xst P.20131013 (nt64)
Copyright (c) 1995-2013 Xilinx, Inc.  All rights reserved.
--> Parameter TMPDIR set to xst/projnav.tmp


Total REAL time to Xst completion: 1.00 secs
Total CPU time to Xst completion: 0.13 secs
 
--> Parameter xsthdpdir set to xst


Total REAL time to Xst completion: 1.00 secs
Total CPU time to Xst completion: 0.13 secs
 
--> Reading design: symulacja.prj

TABLE OF CONTENTS
  1) Synthesis Options Summary
  2) HDL Parsing
  3) HDL Elaboration
  4) HDL Synthesis
       4.1) HDL Synthesis Report
  5) Advanced HDL Synthesis
       5.1) Advanced HDL Synthesis Report
  6) Low Level Synthesis
  7) Partition Report
  8) Design Summary
       8.1) Primitive and Black Box Usage
       8.2) Device utilization summary
       8.3) Partition Resource Summary
       8.4) Timing Report
            8.4.1) Clock Information
            8.4.2) Asynchronous Control Signals Information
            8.4.3) Timing Summary
            8.4.4) Timing Details
            8.4.5) Cross Clock Domains Report


=========================================================================
*                      Synthesis Options Summary                        *
=========================================================================
---- Source Parameters
Input File Name                    : "symulacja.prj"
Ignore Synthesis Constraint File   : NO

---- Target Parameters
Output File Name                   : "symulacja"
Output Format                      : NGC
Target Device                      : xc7a100t-3-csg324

---- Source Options
Top Module Name                    : symulacja
Automatic FSM Extraction           : YES
FSM Encoding Algorithm             : Auto
Safe Implementation                : No
FSM Style                          : LUT
RAM Extraction                     : Yes
RAM Style                          : Auto
ROM Extraction                     : Yes
Shift Register Extraction          : YES
ROM Style                          : Auto
Resource Sharing                   : YES
Asynchronous To Synchronous        : NO
Shift Register Minimum Size        : 2
Use DSP Block                      : Auto
Automatic Register Balancing       : No

---- Target Options
LUT Combining                      : Auto
Reduce Control Sets                : Auto
Add IO Buffers                     : YES
Global Maximum Fanout              : 100000
Add Generic Clock Buffer(BUFG)     : 32
Register Duplication               : YES
Optimize Instantiated Primitives   : NO
Use Clock Enable                   : Auto
Use Synchronous Set                : Auto
Use Synchronous Reset              : Auto
Pack IO Registers into IOBs        : Auto
Equivalent register Removal        : YES

---- General Options
Optimization Goal                  : Speed
Optimization Effort                : 1
Power Reduction                    : NO
Keep Hierarchy                     : No
Netlist Hierarchy                  : As_Optimized
RTL Output                         : Yes
Global Optimization                : AllClockNets
Read Cores                         : YES
Write Timing Constraints           : NO
Cross Clock Analysis               : NO
Hierarchy Separator                : /
Bus Delimiter                      : <>
Case Specifier                     : Maintain
Slice Utilization Ratio            : 100
BRAM Utilization Ratio             : 100
DSP48 Utilization Ratio            : 100
Auto BRAM Packing                  : NO
Slice Utilization Ratio Delta      : 5

=========================================================================


=========================================================================
*                          HDL Parsing                                  *
=========================================================================
Parsing VHDL file "C:\Users\Borys\Desktop\automat_napoje 208525\automat\test.vhd" into library work
Parsing entity <symulacja>.
Parsing architecture <budowa_a> of entity <symulacja>.

=========================================================================
*                            HDL Elaboration                            *
=========================================================================

Elaborating entity <symulacja> (architecture <budowa_a>) from library <work>.

=========================================================================
*                           HDL Synthesis                               *
=========================================================================

Synthesizing Unit <symulacja>.
    Related source file is "C:\Users\Borys\Desktop\automat_napoje 208525\automat\test.vhd".
    Found 3-bit register for signal <zapas>.
    Found 2-bit register for signal <stan>.
    Found finite state machine <FSM_0> for signal <stan>.
    -----------------------------------------------------------------------
    | States             | 4                                              |
    | Transitions        | 11                                             |
    | Inputs             | 2                                              |
    | Outputs            | 3                                              |
    | Clock              | clk (rising_edge)                              |
    | Reset              | reset (negative)                               |
    | Reset type         | asynchronous                                   |
    | Reset State        | fajrant                                        |
    | Power Up State     | fajrant                                        |
    | Encoding           | auto                                           |
    | Implementation     | LUT                                            |
    -----------------------------------------------------------------------
    Found 3-bit subtractor for signal <GND_5_o_GND_5_o_sub_15_OUT<2:0>> created at line 77.
    Summary:
	inferred   1 Adder/Subtractor(s).
	inferred   3 D-type flip-flop(s).
	inferred   1 Multiplexer(s).
	inferred   1 Finite State Machine(s).
Unit <symulacja> synthesized.

=========================================================================
HDL Synthesis Report

Macro Statistics
# Adders/Subtractors                                   : 1
 3-bit subtractor                                      : 1
# Registers                                            : 1
 3-bit register                                        : 1
# Multiplexers                                         : 1
 3-bit 2-to-1 multiplexer                              : 1
# FSMs                                                 : 1

=========================================================================

=========================================================================
*                       Advanced HDL Synthesis                          *
=========================================================================


Synthesizing (advanced) Unit <symulacja>.
The following registers are absorbed into counter <zapas>: 1 register on signal <zapas>.
Unit <symulacja> synthesized (advanced).

=========================================================================
Advanced HDL Synthesis Report

Macro Statistics
# Counters                                             : 1
 3-bit down counter                                    : 1
# FSMs                                                 : 1

=========================================================================

=========================================================================
*                         Low Level Synthesis                           *
=========================================================================
Analyzing FSM <MFsm> for best encoding.
Optimizing FSM <FSM_0> on signal <stan[1:2]> with user encoding.
-----------------------
 State     | Encoding
-----------------------
 fajrant   | 00
 transit   | 01
 pod_cegle | 10
 cegla     | 11
-----------------------

Optimizing unit <symulacja> ...

Mapping all equations...
Building and optimizing final netlist ...
Found area constraint ratio of 100 (+ 5) on block symulacja, actual ratio is 0.

Final Macro Processing ...

=========================================================================
Final Register Report

Macro Statistics
# Registers                                            : 5
 Flip-Flops                                            : 5

=========================================================================

=========================================================================
*                           Partition Report                            *
=========================================================================

Partition Implementation Status
-------------------------------

  No Partitions were found in this design.

-------------------------------

=========================================================================
*                            Design Summary                             *
=========================================================================

Top Level Output File Name         : symulacja.ngc

Primitive and Black Box Usage:
------------------------------
# BELS                             : 8
#      INV                         : 1
#      LUT2                        : 1
#      LUT3                        : 1
#      LUT4                        : 1
#      LUT5                        : 2
#      LUT6                        : 2
# FlipFlops/Latches                : 5
#      FDC                         : 2
#      FDCE                        : 3
# Clock Buffers                    : 1
#      BUFGP                       : 1
# IO Buffers                       : 3
#      IBUF                        : 2
#      OBUF                        : 1

Device utilization summary:
---------------------------

Selected Device : 7a100tcsg324-3 


Slice Logic Utilization: 
 Number of Slice Registers:               5  out of  126800     0%  
 Number of Slice LUTs:                    8  out of  63400     0%  
    Number used as Logic:                 8  out of  63400     0%  

Slice Logic Distribution: 
 Number of LUT Flip Flop pairs used:     13
   Number with an unused Flip Flop:       8  out of     13    61%  
   Number with an unused LUT:             5  out of     13    38%  
   Number of fully used LUT-FF pairs:     0  out of     13     0%  
   Number of unique control sets:         2

IO Utilization: 
 Number of IOs:                           4
 Number of bonded IOBs:                   4  out of    210     1%  

Specific Feature Utilization:
 Number of BUFG/BUFGCTRLs:                1  out of     32     3%  

---------------------------
Partition Resource Summary:
---------------------------

  No Partitions were found in this design.

---------------------------


=========================================================================
Timing Report

NOTE: THESE TIMING NUMBERS ARE ONLY A SYNTHESIS ESTIMATE.
      FOR ACCURATE TIMING INFORMATION PLEASE REFER TO THE TRACE REPORT
      GENERATED AFTER PLACE-and-ROUTE.

Clock Information:
------------------
-----------------------------------+------------------------+-------+
Clock Signal                       | Clock buffer(FF name)  | Load  |
-----------------------------------+------------------------+-------+
clk                                | BUFGP                  | 5     |
-----------------------------------+------------------------+-------+

Asynchronous Control Signals Information:
----------------------------------------
No asynchronous control signals found in this design

Timing Summary:
---------------
Speed Grade: -3

   Minimum period: 1.553ns (Maximum Frequency: 643.749MHz)
   Minimum input arrival time before clock: 1.040ns
   Maximum output required time after clock: 1.145ns
   Maximum combinational path delay: No path found

Timing Details:
---------------
All values displayed in nanoseconds (ns)

=========================================================================
Timing constraint: Default period analysis for Clock 'clk'
  Clock period: 1.553ns (frequency: 643.749MHz)
  Total number of paths / destination ports: 37 / 8
-------------------------------------------------------------------------
Delay:               1.553ns (Levels of Logic = 1)
  Source:            stan_FSM_FFd1 (FF)
  Destination:       zapas_0 (FF)
  Source Clock:      clk rising
  Destination Clock: clk rising

  Data Path: stan_FSM_FFd1 to zapas_0
                                Gate     Net
    Cell:in->out      fanout   Delay   Delay  Logical Name (Net Name)
    ----------------------------------------  ------------
     FDC:C->Q              7   0.361   0.711  stan_FSM_FFd1 (stan_FSM_FFd1)
     LUT5:I0->O            3   0.097   0.289  _n0041_inv1 (_n0041_inv)
     FDCE:CE                   0.095          zapas_0
    ----------------------------------------
    Total                      1.553ns (0.553ns logic, 1.000ns route)
                                       (35.6% logic, 64.4% route)

=========================================================================
Timing constraint: Default OFFSET IN BEFORE for Clock 'clk'
  Total number of paths / destination ports: 7 / 7
-------------------------------------------------------------------------
Offset:              1.040ns (Levels of Logic = 2)
  Source:            reset (PAD)
  Destination:       zapas_0 (FF)
  Destination Clock: clk rising

  Data Path: reset to zapas_0
                                Gate     Net
    Cell:in->out      fanout   Delay   Delay  Logical Name (Net Name)
    ----------------------------------------  ------------
     IBUF:I->O             1   0.001   0.279  reset_IBUF (reset_IBUF)
     INV:I->O              5   0.113   0.298  reset_inv1_INV_0 (reset_inv)
     FDCE:CLR                  0.349          zapas_0
    ----------------------------------------
    Total                      1.040ns (0.463ns logic, 0.577ns route)
                                       (44.5% logic, 55.5% route)

=========================================================================
Timing constraint: Default OFFSET OUT AFTER for Clock 'clk'
  Total number of paths / destination ports: 2 / 1
-------------------------------------------------------------------------
Offset:              1.145ns (Levels of Logic = 2)
  Source:            stan_FSM_FFd2 (FF)
  Destination:       postep (PAD)
  Source Clock:      clk rising

  Data Path: stan_FSM_FFd2 to postep
                                Gate     Net
    Cell:in->out      fanout   Delay   Delay  Logical Name (Net Name)
    ----------------------------------------  ------------
     FDC:C->Q              7   0.361   0.407  stan_FSM_FFd2 (stan_FSM_FFd2)
     LUT2:I0->O            1   0.097   0.279  stan_postep1 (postep_OBUF)
     OBUF:I->O                 0.000          postep_OBUF (postep)
    ----------------------------------------
    Total                      1.145ns (0.458ns logic, 0.687ns route)
                                       (40.0% logic, 60.0% route)

=========================================================================

Cross Clock Domains Report:
--------------------------

Clock to Setup on destination clock clk
---------------+---------+---------+---------+---------+
               | Src:Rise| Src:Fall| Src:Rise| Src:Fall|
Source Clock   |Dest:Rise|Dest:Rise|Dest:Fall|Dest:Fall|
---------------+---------+---------+---------+---------+
clk            |    1.553|         |         |         |
---------------+---------+---------+---------+---------+

=========================================================================


Total REAL time to Xst completion: 13.00 secs
Total CPU time to Xst completion: 12.21 secs
 
--> 

Total memory usage is 450456 kilobytes

Number of errors   :    0 (   0 filtered)
Number of warnings :    0 (   0 filtered)
Number of infos    :    0 (   0 filtered)

